INFO: Starting training
INFO: Epoch 0
INFO: Time step 0
INFO: Generating covering classifier.
INFO: Generating covering classifier.
DEBUG: Trying to update monitor.
DEBUG: Updating monitor.
WARNING: Match set is empty when performing prediction.
WARNING: Falling back to random action selection due to empty prediction array.
WARNING: Match set is empty when performing prediction.
WARNING: Falling back to random action selection due to empty prediction array.
WARNING: Match set is empty when performing prediction.
WARNING: Falling back to random action selection due to empty prediction array.
WARNING: Match set is empty when performing prediction.
WARNING: Falling back to random action selection due to empty prediction array.
WARNING: Match set is empty when performing prediction.
WARNING: Falling back to random action selection due to empty prediction array.
WARNING: Match set is empty when performing prediction.
WARNING: Falling back to random action selection due to empty prediction array.
WARNING: Match set is empty when performing prediction.
WARNING: Falling back to random action selection due to empty prediction array.
WARNING: Match set is empty when performing prediction.
WARNING: Falling back to random action selection due to empty prediction array.
WARNING: Match set is empty when performing prediction.
WARNING: Falling back to random action selection due to empty prediction array.
WARNING: Match set is empty when performing prediction.
WARNING: Falling back to random action selection due to empty prediction array.
WARNING: Match set is empty when performing prediction.
WARNING: Falling back to random action selection due to empty prediction array.
WARNING: Match set is empty when performing prediction.
WARNING: Falling back to random action selection due to empty prediction array.
WARNING: Match set is empty when performing prediction.
WARNING: Falling back to random action selection due to empty prediction array.
WARNING: Match set is empty when performing prediction.
WARNING: Falling back to random action selection due to empty prediction array.
WARNING: Match set is empty when performing prediction.
WARNING: Falling back to random action selection due to empty prediction array.
WARNING: Match set is empty when performing prediction.
WARNING: Falling back to random action selection due to empty prediction array.
WARNING: Match set is empty when performing prediction.
WARNING: Falling back to random action selection due to empty prediction array.
WARNING: Match set is empty when performing prediction.
WARNING: Falling back to random action selection due to empty prediction array.
WARNING: Match set is empty when performing prediction.
WARNING: Falling back to random action selection due to empty prediction array.
WARNING: Match set is empty when performing prediction.
WARNING: Falling back to random action selection due to empty prediction array.
WARNING: Match set is empty when performing prediction.
WARNING: Falling back to random action selection due to empty prediction array.
WARNING: Match set is empty when performing prediction.
WARNING: Falling back to random action selection due to empty prediction array.
WARNING: Match set is empty when performing prediction.
WARNING: Falling back to random action selection due to empty prediction array.
WARNING: Match set is empty when performing prediction.
WARNING: Falling back to random action selection due to empty prediction array.
WARNING: Match set is empty when performing prediction.
WARNING: Falling back to random action selection due to empty prediction array.
WARNING: Match set is empty when performing prediction.
WARNING: Falling back to random action selection due to empty prediction array.
WARNING: Match set is empty when performing prediction.
WARNING: Falling back to random action selection due to empty prediction array.
WARNING: Match set is empty when performing prediction.
WARNING: Falling back to random action selection due to empty prediction array.
WARNING: Match set is empty when performing prediction.
WARNING: Falling back to random action selection due to empty prediction array.
WARNING: Match set is empty when performing prediction.
WARNING: Falling back to random action selection due to empty prediction array.
WARNING: Match set is empty when performing prediction.
WARNING: Falling back to random action selection due to empty prediction array.
WARNING: Match set is empty when performing prediction.
WARNING: Falling back to random action selection due to empty prediction array.
WARNING: Match set is empty when performing prediction.
WARNING: Falling back to random action selection due to empty prediction array.
WARNING: Match set is empty when performing prediction.
WARNING: Falling back to random action selection due to empty prediction array.
WARNING: Match set is empty when performing prediction.
WARNING: Falling back to random action selection due to empty prediction array.
WARNING: Match set is empty when performing prediction.
WARNING: Falling back to random action selection due to empty prediction array.
WARNING: Match set is empty when performing prediction.
WARNING: Falling back to random action selection due to empty prediction array.
WARNING: Match set is empty when performing prediction.
WARNING: Falling back to random action selection due to empty prediction array.
WARNING: Match set is empty when performing prediction.
WARNING: Falling back to random action selection due to empty prediction array.
WARNING: Match set is empty when performing prediction.
WARNING: Falling back to random action selection due to empty prediction array.
WARNING: Match set is empty when performing prediction.
WARNING: Falling back to random action selection due to empty prediction array.
WARNING: Match set is empty when performing prediction.
WARNING: Falling back to random action selection due to empty prediction array.
WARNING: Match set is empty when performing prediction.
WARNING: Falling back to random action selection due to empty prediction array.
WARNING: Match set is empty when performing prediction.
WARNING: Falling back to random action selection due to empty prediction array.
WARNING: Match set is empty when performing prediction.
WARNING: Falling back to random action selection due to empty prediction array.
WARNING: Match set is empty when performing prediction.
WARNING: Falling back to random action selection due to empty prediction array.
WARNING: Match set is empty when performing prediction.
WARNING: Falling back to random action selection due to empty prediction array.
WARNING: Match set is empty when performing prediction.
WARNING: Falling back to random action selection due to empty prediction array.
WARNING: Match set is empty when performing prediction.
WARNING: Falling back to random action selection due to empty prediction array.
WARNING: Match set is empty when performing prediction.
WARNING: Falling back to random action selection due to empty prediction array.
WARNING: Match set is empty when performing prediction.
WARNING: Falling back to random action selection due to empty prediction array.
WARNING: Match set is empty when performing prediction.
WARNING: Falling back to random action selection due to empty prediction array.
WARNING: Match set is empty when performing prediction.
WARNING: Falling back to random action selection due to empty prediction array.
WARNING: Match set is empty when performing prediction.
WARNING: Falling back to random action selection due to empty prediction array.
WARNING: Match set is empty when performing prediction.
WARNING: Falling back to random action selection due to empty prediction array.
WARNING: Match set is empty when performing prediction.
WARNING: Falling back to random action selection due to empty prediction array.
WARNING: Match set is empty when performing prediction.
WARNING: Falling back to random action selection due to empty prediction array.
WARNING: Match set is empty when performing prediction.
WARNING: Falling back to random action selection due to empty prediction array.
WARNING: Match set is empty when performing prediction.
WARNING: Falling back to random action selection due to empty prediction array.
WARNING: Match set is empty when performing prediction.
WARNING: Falling back to random action selection due to empty prediction array.
WARNING: Match set is empty when performing prediction.
WARNING: Falling back to random action selection due to empty prediction array.
WARNING: Match set is empty when performing prediction.
WARNING: Falling back to random action selection due to empty prediction array.
WARNING: Match set is empty when performing prediction.
WARNING: Falling back to random action selection due to empty prediction array.
WARNING: Match set is empty when performing prediction.
WARNING: Falling back to random action selection due to empty prediction array.
WARNING: Match set is empty when performing prediction.
WARNING: Falling back to random action selection due to empty prediction array.
WARNING: Match set is empty when performing prediction.
WARNING: Falling back to random action selection due to empty prediction array.
WARNING: Match set is empty when performing prediction.
WARNING: Falling back to random action selection due to empty prediction array.
INFO: Epoch 1
INFO: Time step 1
INFO: Generating covering classifier.
DEBUG: Trying to update monitor.
INFO: Time step 2
INFO: Generating covering classifier.
INFO: Generating covering classifier.
DEBUG: Trying to update monitor.
INFO: Time step 3
INFO: Generating covering classifier.
DEBUG: Trying to update monitor.
INFO: Time step 4
INFO: Generating covering classifier.
INFO: Generating covering classifier.
DEBUG: Trying to update monitor.
INFO: Time step 5
INFO: Generating covering classifier.
INFO: Generating covering classifier.
DEBUG: Trying to update monitor.
INFO: Time step 6
INFO: Generating covering classifier.
INFO: Generating covering classifier.
DEBUG: Trying to update monitor.
INFO: Time step 7
INFO: Generating covering classifier.
INFO: Generating covering classifier.
DEBUG: Trying to update monitor.
INFO: Time step 8
DEBUG: Trying to update monitor.
INFO: Time step 9
INFO: Generating covering classifier.
INFO: Generating covering classifier.
DEBUG: Trying to update monitor.
INFO: Time step 10
INFO: Generating covering classifier.
DEBUG: Trying to update monitor.
INFO: Time step 11
INFO: Generating covering classifier.
INFO: Generating covering classifier.
DEBUG: Trying to update monitor.
INFO: Time step 12
INFO: Generating covering classifier.
DEBUG: Trying to update monitor.
INFO: Time step 13
INFO: Generating covering classifier.
DEBUG: Trying to update monitor.
INFO: Time step 14
DEBUG: Trying to update monitor.
INFO: Time step 15
DEBUG: Trying to update monitor.
INFO: Time step 16
INFO: Generating covering classifier.
DEBUG: Trying to update monitor.
INFO: Time step 17
DEBUG: Trying to update monitor.
INFO: Time step 18
DEBUG: Trying to update monitor.
INFO: Time step 19
DEBUG: Trying to update monitor.
INFO: Time step 20
DEBUG: Trying to update monitor.
INFO: Time step 21
DEBUG: Trying to update monitor.
INFO: Time step 22
DEBUG: Trying to update monitor.
INFO: Time step 23
DEBUG: Trying to update monitor.
INFO: Time step 24
INFO: Generating covering classifier.
DEBUG: Trying to update monitor.
INFO: Time step 25
INFO: Generating covering classifier.
DEBUG: Trying to update monitor.
INFO: Time step 26
DEBUG: Trying to update monitor.
INFO: Time step 27
DEBUG: Trying to update monitor.
INFO: Time step 28
DEBUG: Trying to update monitor.
INFO: Time step 29
DEBUG: Trying to update monitor.
INFO: Time step 30
INFO: Generating covering classifier.
DEBUG: Trying to update monitor.
INFO: Time step 31
INFO: Generating covering classifier.
DEBUG: Trying to update monitor.
INFO: Time step 32
DEBUG: Trying to update monitor.
INFO: Time step 33
DEBUG: Trying to update monitor.
INFO: Time step 34
INFO: Generating covering classifier.
DEBUG: Trying to update monitor.
INFO: Time step 35
DEBUG: Trying to update monitor.
INFO: Time step 36
INFO: Generating covering classifier.
DEBUG: Trying to update monitor.
INFO: Time step 37
DEBUG: Trying to update monitor.
INFO: Time step 38
DEBUG: Trying to update monitor.
INFO: Time step 39
INFO: Generating covering classifier.
DEBUG: Trying to update monitor.
INFO: Time step 40
DEBUG: Trying to update monitor.
INFO: Time step 41
DEBUG: Trying to update monitor.
INFO: Time step 42
DEBUG: Trying to update monitor.
INFO: Time step 43
INFO: Generating covering classifier.
DEBUG: Trying to update monitor.
INFO: Time step 44
DEBUG: Trying to update monitor.
INFO: Time step 45
DEBUG: Trying to update monitor.
INFO: Time step 46
INFO: Generating covering classifier.
DEBUG: Trying to update monitor.
INFO: Time step 47
INFO: Generating covering classifier.
DEBUG: Trying to update monitor.
INFO: Time step 48
DEBUG: Trying to update monitor.
INFO: Time step 49
DEBUG: Trying to update monitor.
INFO: Time step 50
DEBUG: Trying to update monitor.
INFO: Time step 51
INFO: Generating covering classifier.
INFO: Generating covering classifier.
DEBUG: Trying to update monitor.
INFO: Time step 52
DEBUG: Trying to update monitor.
INFO: Time step 53
INFO: Generating covering classifier.
DEBUG: Trying to update monitor.
INFO: Time step 54
DEBUG: Trying to update monitor.
INFO: Time step 55
DEBUG: Trying to update monitor.
INFO: Time step 56
INFO: Generating covering classifier.
DEBUG: Trying to update monitor.
INFO: Time step 57
DEBUG: Trying to update monitor.
INFO: Time step 58
DEBUG: Trying to update monitor.
INFO: Time step 59
DEBUG: Trying to update monitor.
INFO: Time step 60
DEBUG: Trying to update monitor.
INFO: Time step 61
DEBUG: Trying to update monitor.
INFO: Time step 62
DEBUG: Trying to update monitor.
INFO: Time step 63
DEBUG: Trying to update monitor.
INFO: Time step 64
DEBUG: Trying to update monitor.
INFO: Time step 65
DEBUG: Trying to update monitor.
INFO: Time step 66
DEBUG: Trying to update monitor.
INFO: Time step 67
DEBUG: Trying to update monitor.
INFO: Time step 68
DEBUG: Trying to update monitor.
INFO: Time step 69
DEBUG: Trying to update monitor.
INFO: Time step 70
DEBUG: Trying to update monitor.
INFO: Time step 71
DEBUG: Trying to update monitor.
INFO: Time step 72
DEBUG: Trying to update monitor.
INFO: Time step 73
DEBUG: Trying to update monitor.
INFO: Time step 74
DEBUG: Trying to update monitor.
INFO: Time step 75
DEBUG: Trying to update monitor.
INFO: Time step 76
DEBUG: Trying to update monitor.
INFO: Time step 77
DEBUG: Trying to update monitor.
INFO: Time step 78
DEBUG: Trying to update monitor.
INFO: Time step 79
DEBUG: Trying to update monitor.
INFO: Time step 80
DEBUG: Trying to update monitor.
INFO: Time step 81
DEBUG: Trying to update monitor.
INFO: Time step 82
DEBUG: Trying to update monitor.
INFO: Time step 83
DEBUG: Trying to update monitor.
INFO: Time step 84
DEBUG: Trying to update monitor.
INFO: Time step 85
DEBUG: Trying to update monitor.
INFO: Time step 86
DEBUG: Trying to update monitor.
INFO: Time step 87
DEBUG: Trying to update monitor.
INFO: Time step 88
DEBUG: Trying to update monitor.
INFO: Time step 89
DEBUG: Trying to update monitor.
INFO: Time step 90
DEBUG: Trying to update monitor.
INFO: Time step 91
DEBUG: Trying to update monitor.
INFO: Time step 92
DEBUG: Trying to update monitor.
INFO: Time step 93
DEBUG: Trying to update monitor.
INFO: Time step 94
DEBUG: Trying to update monitor.
INFO: Time step 95
DEBUG: Trying to update monitor.
INFO: Time step 96
DEBUG: Trying to update monitor.
INFO: Time step 97
DEBUG: Trying to update monitor.
INFO: Time step 98
DEBUG: Trying to update monitor.
INFO: Time step 99
INFO: Generating covering classifier.
DEBUG: Trying to update monitor.
INFO: Time step 100
DEBUG: Trying to update monitor.
DEBUG: Updating monitor.
INFO: Epoch 2
INFO: Time step 101
DEBUG: Trying to update monitor.
INFO: Time step 102
DEBUG: Trying to update monitor.
INFO: Time step 103
DEBUG: Trying to update monitor.
INFO: Time step 104
DEBUG: Trying to update monitor.
INFO: Time step 105
DEBUG: Trying to update monitor.
INFO: Time step 106
DEBUG: Trying to update monitor.
INFO: Time step 107
DEBUG: Trying to update monitor.
INFO: Time step 108
DEBUG: Trying to update monitor.
INFO: Time step 109
DEBUG: Trying to update monitor.
INFO: Time step 110
DEBUG: Trying to update monitor.
INFO: Time step 111
DEBUG: Trying to update monitor.
INFO: Time step 112
DEBUG: Trying to update monitor.
INFO: Time step 113
DEBUG: Trying to update monitor.
INFO: Time step 114
DEBUG: Trying to update monitor.
INFO: Time step 115
DEBUG: Trying to update monitor.
INFO: Time step 116
DEBUG: Trying to update monitor.
INFO: Time step 117
DEBUG: Trying to update monitor.
INFO: Time step 118
DEBUG: Trying to update monitor.
INFO: Time step 119
DEBUG: Trying to update monitor.
INFO: Time step 120
DEBUG: Trying to update monitor.
INFO: Time step 121
DEBUG: Trying to update monitor.
INFO: Time step 122
DEBUG: Trying to update monitor.
INFO: Time step 123
DEBUG: Trying to update monitor.
INFO: Time step 124
DEBUG: Trying to update monitor.
INFO: Time step 125
DEBUG: Trying to update monitor.
INFO: Time step 126
DEBUG: Trying to update monitor.
INFO: Time step 127
DEBUG: Trying to update monitor.
INFO: Time step 128
DEBUG: Trying to update monitor.
INFO: Time step 129
DEBUG: Trying to update monitor.
INFO: Time step 130
DEBUG: Trying to update monitor.
INFO: Time step 131
DEBUG: Trying to update monitor.
INFO: Time step 132
DEBUG: Trying to update monitor.
INFO: Time step 133
DEBUG: Trying to update monitor.
INFO: Time step 134
DEBUG: Trying to update monitor.
INFO: Time step 135
DEBUG: Trying to update monitor.
INFO: Time step 136
DEBUG: Trying to update monitor.
INFO: Time step 137
DEBUG: Trying to update monitor.
INFO: Time step 138
DEBUG: Trying to update monitor.
INFO: Time step 139
DEBUG: Trying to update monitor.
INFO: Time step 140
DEBUG: Trying to update monitor.
INFO: Time step 141
DEBUG: Trying to update monitor.
INFO: Time step 142
DEBUG: Trying to update monitor.
INFO: Time step 143
DEBUG: Trying to update monitor.
INFO: Time step 144
DEBUG: Trying to update monitor.
INFO: Time step 145
DEBUG: Trying to update monitor.
INFO: Time step 146
DEBUG: Trying to update monitor.
INFO: Time step 147
DEBUG: Trying to update monitor.
INFO: Time step 148
DEBUG: Trying to update monitor.
INFO: Time step 149
DEBUG: Trying to update monitor.
INFO: Time step 150
DEBUG: Trying to update monitor.
INFO: Time step 151
DEBUG: Trying to update monitor.
INFO: Time step 152
DEBUG: Trying to update monitor.
INFO: Time step 153
DEBUG: Trying to update monitor.
INFO: Time step 154
DEBUG: Trying to update monitor.
INFO: Time step 155
DEBUG: Trying to update monitor.
INFO: Time step 156
DEBUG: Trying to update monitor.
INFO: Time step 157
DEBUG: Trying to update monitor.
INFO: Time step 158
DEBUG: Trying to update monitor.
INFO: Time step 159
DEBUG: Trying to update monitor.
INFO: Time step 160
DEBUG: Trying to update monitor.
INFO: Time step 161
DEBUG: Trying to update monitor.
INFO: Time step 162
DEBUG: Trying to update monitor.
INFO: Time step 163
DEBUG: Trying to update monitor.
INFO: Time step 164
DEBUG: Trying to update monitor.
INFO: Time step 165
DEBUG: Trying to update monitor.
INFO: Time step 166
DEBUG: Trying to update monitor.
INFO: Time step 167
DEBUG: Trying to update monitor.
INFO: Time step 168
DEBUG: Trying to update monitor.
INFO: Time step 169
DEBUG: Trying to update monitor.
INFO: Time step 170
DEBUG: Trying to update monitor.
INFO: Time step 171
DEBUG: Trying to update monitor.
INFO: Time step 172
DEBUG: Trying to update monitor.
INFO: Time step 173
DEBUG: Trying to update monitor.
INFO: Time step 174
DEBUG: Trying to update monitor.
INFO: Time step 175
DEBUG: Trying to update monitor.
INFO: Time step 176
DEBUG: Trying to update monitor.
INFO: Time step 177
DEBUG: Trying to update monitor.
INFO: Time step 178
DEBUG: Trying to update monitor.
INFO: Time step 179
DEBUG: Trying to update monitor.
INFO: Time step 180
DEBUG: Trying to update monitor.
INFO: Time step 181
DEBUG: Trying to update monitor.
INFO: Time step 182
DEBUG: Trying to update monitor.
INFO: Time step 183
DEBUG: Trying to update monitor.
INFO: Time step 184
DEBUG: Trying to update monitor.
INFO: Time step 185
DEBUG: Trying to update monitor.
INFO: Time step 186
DEBUG: Trying to update monitor.
INFO: Time step 187
DEBUG: Trying to update monitor.
INFO: Time step 188
DEBUG: Trying to update monitor.
INFO: Time step 189
DEBUG: Trying to update monitor.
INFO: Time step 190
DEBUG: Trying to update monitor.
INFO: Time step 191
DEBUG: Trying to update monitor.
INFO: Time step 192
DEBUG: Trying to update monitor.
INFO: Time step 193
DEBUG: Trying to update monitor.
INFO: Time step 194
DEBUG: Trying to update monitor.
INFO: Time step 195
DEBUG: Trying to update monitor.
INFO: Time step 196
DEBUG: Trying to update monitor.
INFO: Time step 197
DEBUG: Trying to update monitor.
INFO: Time step 198
DEBUG: Trying to update monitor.
INFO: Time step 199
DEBUG: Trying to update monitor.
INFO: Time step 200
DEBUG: Trying to update monitor.
DEBUG: Updating monitor.
INFO: Epoch 3
INFO: Time step 201
DEBUG: Trying to update monitor.
INFO: Time step 202
DEBUG: Trying to update monitor.
INFO: Time step 203
DEBUG: Trying to update monitor.
INFO: Time step 204
DEBUG: Trying to update monitor.
INFO: Time step 205
DEBUG: Trying to update monitor.
INFO: Time step 206
DEBUG: Trying to update monitor.
INFO: Time step 207
DEBUG: Trying to update monitor.
INFO: Time step 208
DEBUG: Trying to update monitor.
INFO: Time step 209
DEBUG: Trying to update monitor.
INFO: Time step 210
DEBUG: Trying to update monitor.
INFO: Time step 211
DEBUG: Trying to update monitor.
INFO: Time step 212
DEBUG: Trying to update monitor.
INFO: Time step 213
DEBUG: Trying to update monitor.
INFO: Time step 214
DEBUG: Trying to update monitor.
INFO: Time step 215
DEBUG: Trying to update monitor.
INFO: Time step 216
DEBUG: Trying to update monitor.
INFO: Time step 217
DEBUG: Trying to update monitor.
INFO: Time step 218
DEBUG: Trying to update monitor.
INFO: Time step 219
DEBUG: Trying to update monitor.
INFO: Time step 220
DEBUG: Trying to update monitor.
INFO: Time step 221
DEBUG: Trying to update monitor.
INFO: Time step 222
DEBUG: Trying to update monitor.
INFO: Time step 223
DEBUG: Trying to update monitor.
INFO: Time step 224
DEBUG: Trying to update monitor.
INFO: Time step 225
DEBUG: Trying to update monitor.
INFO: Time step 226
DEBUG: Trying to update monitor.
INFO: Time step 227
DEBUG: Trying to update monitor.
INFO: Time step 228
DEBUG: Trying to update monitor.
INFO: Time step 229
DEBUG: Trying to update monitor.
INFO: Time step 230
DEBUG: Trying to update monitor.
INFO: Time step 231
DEBUG: Trying to update monitor.
INFO: Time step 232
DEBUG: Trying to update monitor.
INFO: Time step 233
DEBUG: Trying to update monitor.
INFO: Time step 234
DEBUG: Trying to update monitor.
INFO: Time step 235
DEBUG: Trying to update monitor.
INFO: Time step 236
DEBUG: Trying to update monitor.
INFO: Time step 237
DEBUG: Trying to update monitor.
INFO: Time step 238
DEBUG: Trying to update monitor.
INFO: Time step 239
DEBUG: Trying to update monitor.
INFO: Time step 240
DEBUG: Trying to update monitor.
INFO: Time step 241
DEBUG: Trying to update monitor.
INFO: Time step 242
DEBUG: Trying to update monitor.
INFO: Time step 243
DEBUG: Trying to update monitor.
INFO: Time step 244
DEBUG: Trying to update monitor.
INFO: Time step 245
DEBUG: Trying to update monitor.
INFO: Time step 246
DEBUG: Trying to update monitor.
INFO: Time step 247
DEBUG: Trying to update monitor.
INFO: Time step 248
DEBUG: Trying to update monitor.
INFO: Time step 249
DEBUG: Trying to update monitor.
INFO: Time step 250
DEBUG: Trying to update monitor.
INFO: Time step 251
DEBUG: Trying to update monitor.
INFO: Time step 252
DEBUG: Trying to update monitor.
INFO: Time step 253
DEBUG: Trying to update monitor.
INFO: Time step 254
DEBUG: Trying to update monitor.
INFO: Time step 255
DEBUG: Trying to update monitor.
INFO: Time step 256
DEBUG: Trying to update monitor.
INFO: Time step 257
DEBUG: Trying to update monitor.
INFO: Time step 258
DEBUG: Trying to update monitor.
INFO: Time step 259
DEBUG: Trying to update monitor.
INFO: Time step 260
DEBUG: Trying to update monitor.
INFO: Time step 261
DEBUG: Trying to update monitor.
INFO: Time step 262
DEBUG: Trying to update monitor.
INFO: Time step 263
DEBUG: Trying to update monitor.
INFO: Time step 264
DEBUG: Trying to update monitor.
INFO: Time step 265
DEBUG: Trying to update monitor.
INFO: Time step 266
DEBUG: Trying to update monitor.
INFO: Time step 267
DEBUG: Trying to update monitor.
INFO: Time step 268
DEBUG: Trying to update monitor.
INFO: Time step 269
DEBUG: Trying to update monitor.
INFO: Time step 270
DEBUG: Trying to update monitor.
INFO: Time step 271
DEBUG: Trying to update monitor.
INFO: Time step 272
DEBUG: Trying to update monitor.
INFO: Time step 273
DEBUG: Trying to update monitor.
INFO: Time step 274
DEBUG: Trying to update monitor.
INFO: Time step 275
DEBUG: Trying to update monitor.
INFO: Time step 276
DEBUG: Trying to update monitor.
INFO: Time step 277
DEBUG: Trying to update monitor.
INFO: Time step 278
DEBUG: Trying to update monitor.
INFO: Time step 279
DEBUG: Trying to update monitor.
INFO: Time step 280
DEBUG: Trying to update monitor.
INFO: Time step 281
DEBUG: Trying to update monitor.
INFO: Time step 282
DEBUG: Trying to update monitor.
INFO: Time step 283
DEBUG: Trying to update monitor.
INFO: Time step 284
DEBUG: Trying to update monitor.
INFO: Time step 285
DEBUG: Trying to update monitor.
INFO: Time step 286
DEBUG: Trying to update monitor.
INFO: Time step 287
DEBUG: Trying to update monitor.
INFO: Time step 288
DEBUG: Trying to update monitor.
INFO: Time step 289
DEBUG: Trying to update monitor.
INFO: Time step 290
DEBUG: Trying to update monitor.
INFO: Time step 291
DEBUG: Trying to update monitor.
INFO: Time step 292
DEBUG: Trying to update monitor.
INFO: Time step 293
DEBUG: Trying to update monitor.
INFO: Time step 294
DEBUG: Trying to update monitor.
INFO: Time step 295
DEBUG: Trying to update monitor.
INFO: Time step 296
DEBUG: Trying to update monitor.
INFO: Time step 297
DEBUG: Trying to update monitor.
INFO: Time step 298
DEBUG: Trying to update monitor.
INFO: Time step 299
DEBUG: Trying to update monitor.
INFO: Time step 300
DEBUG: Trying to update monitor.
DEBUG: Updating monitor.
INFO: Epoch 4
INFO: Time step 301
DEBUG: Trying to update monitor.
INFO: Time step 302
DEBUG: Trying to update monitor.
INFO: Time step 303
DEBUG: Trying to update monitor.
INFO: Time step 304
DEBUG: Trying to update monitor.
INFO: Time step 305
DEBUG: Trying to update monitor.
INFO: Time step 306
DEBUG: Trying to update monitor.
INFO: Time step 307
DEBUG: Trying to update monitor.
INFO: Time step 308
DEBUG: Trying to update monitor.
INFO: Time step 309
DEBUG: Trying to update monitor.
INFO: Time step 310
DEBUG: Trying to update monitor.
INFO: Time step 311
DEBUG: Trying to update monitor.
INFO: Time step 312
DEBUG: Trying to update monitor.
INFO: Time step 313
DEBUG: Trying to update monitor.
INFO: Time step 314
DEBUG: Trying to update monitor.
INFO: Time step 315
DEBUG: Trying to update monitor.
INFO: Time step 316
DEBUG: Trying to update monitor.
INFO: Time step 317
DEBUG: Trying to update monitor.
INFO: Time step 318
DEBUG: Trying to update monitor.
INFO: Time step 319
DEBUG: Trying to update monitor.
INFO: Time step 320
DEBUG: Trying to update monitor.
INFO: Time step 321
DEBUG: Trying to update monitor.
INFO: Time step 322
DEBUG: Trying to update monitor.
INFO: Time step 323
DEBUG: Trying to update monitor.
INFO: Time step 324
DEBUG: Trying to update monitor.
INFO: Time step 325
DEBUG: Trying to update monitor.
INFO: Time step 326
DEBUG: Trying to update monitor.
INFO: Time step 327
DEBUG: Trying to update monitor.
INFO: Time step 328
DEBUG: Trying to update monitor.
INFO: Time step 329
DEBUG: Trying to update monitor.
INFO: Time step 330
DEBUG: Trying to update monitor.
INFO: Time step 331
DEBUG: Trying to update monitor.
INFO: Time step 332
DEBUG: Trying to update monitor.
INFO: Time step 333
DEBUG: Trying to update monitor.
INFO: Time step 334
DEBUG: Trying to update monitor.
INFO: Time step 335
DEBUG: Trying to update monitor.
INFO: Time step 336
DEBUG: Trying to update monitor.
INFO: Time step 337
DEBUG: Trying to update monitor.
INFO: Time step 338
DEBUG: Trying to update monitor.
INFO: Time step 339
DEBUG: Trying to update monitor.
INFO: Time step 340
DEBUG: Trying to update monitor.
INFO: Time step 341
DEBUG: Trying to update monitor.
INFO: Time step 342
DEBUG: Trying to update monitor.
INFO: Time step 343
DEBUG: Trying to update monitor.
INFO: Time step 344
DEBUG: Trying to update monitor.
INFO: Time step 345
DEBUG: Trying to update monitor.
INFO: Time step 346
DEBUG: Trying to update monitor.
INFO: Time step 347
DEBUG: Trying to update monitor.
INFO: Time step 348
DEBUG: Trying to update monitor.
INFO: Time step 349
DEBUG: Trying to update monitor.
INFO: Time step 350
DEBUG: Trying to update monitor.
INFO: Time step 351
DEBUG: Trying to update monitor.
INFO: Time step 352
DEBUG: Trying to update monitor.
INFO: Time step 353
DEBUG: Trying to update monitor.
INFO: Time step 354
DEBUG: Trying to update monitor.
INFO: Time step 355
DEBUG: Trying to update monitor.
INFO: Time step 356
DEBUG: Trying to update monitor.
INFO: Time step 357
DEBUG: Trying to update monitor.
INFO: Time step 358
DEBUG: Trying to update monitor.
INFO: Time step 359
DEBUG: Trying to update monitor.
INFO: Time step 360
DEBUG: Trying to update monitor.
INFO: Time step 361
DEBUG: Trying to update monitor.
INFO: Time step 362
DEBUG: Trying to update monitor.
INFO: Time step 363
DEBUG: Trying to update monitor.
INFO: Time step 364
DEBUG: Trying to update monitor.
INFO: Time step 365
DEBUG: Trying to update monitor.
INFO: Time step 366
DEBUG: Trying to update monitor.
INFO: Time step 367
DEBUG: Trying to update monitor.
INFO: Time step 368
DEBUG: Trying to update monitor.
INFO: Time step 369
DEBUG: Trying to update monitor.
INFO: Time step 370
DEBUG: Trying to update monitor.
INFO: Time step 371
DEBUG: Trying to update monitor.
INFO: Time step 372
DEBUG: Trying to update monitor.
INFO: Time step 373
DEBUG: Trying to update monitor.
INFO: Time step 374
DEBUG: Trying to update monitor.
INFO: Time step 375
DEBUG: Trying to update monitor.
INFO: Time step 376
DEBUG: Trying to update monitor.
INFO: Time step 377
DEBUG: Trying to update monitor.
INFO: Time step 378
DEBUG: Trying to update monitor.
INFO: Time step 379
DEBUG: Trying to update monitor.
INFO: Time step 380
DEBUG: Trying to update monitor.
INFO: Time step 381
DEBUG: Trying to update monitor.
INFO: Time step 382
DEBUG: Trying to update monitor.
INFO: Time step 383
DEBUG: Trying to update monitor.
INFO: Time step 384
DEBUG: Trying to update monitor.
INFO: Time step 385
DEBUG: Trying to update monitor.
INFO: Time step 386
DEBUG: Trying to update monitor.
INFO: Time step 387
DEBUG: Trying to update monitor.
INFO: Time step 388
DEBUG: Trying to update monitor.
INFO: Time step 389
DEBUG: Trying to update monitor.
INFO: Time step 390
DEBUG: Trying to update monitor.
INFO: Time step 391
DEBUG: Trying to update monitor.
INFO: Time step 392
DEBUG: Trying to update monitor.
INFO: Time step 393
DEBUG: Trying to update monitor.
INFO: Time step 394
DEBUG: Trying to update monitor.
INFO: Time step 395
DEBUG: Trying to update monitor.
INFO: Time step 396
DEBUG: Trying to update monitor.
INFO: Time step 397
DEBUG: Trying to update monitor.
INFO: Time step 398
DEBUG: Trying to update monitor.
INFO: Time step 399
DEBUG: Trying to update monitor.
INFO: Time step 400
DEBUG: Trying to update monitor.
DEBUG: Updating monitor.
INFO: Epoch 5
INFO: Time step 401
DEBUG: Trying to update monitor.
INFO: Time step 402
DEBUG: Trying to update monitor.
INFO: Time step 403
DEBUG: Trying to update monitor.
INFO: Time step 404
DEBUG: Trying to update monitor.
INFO: Time step 405
DEBUG: Trying to update monitor.
INFO: Time step 406
DEBUG: Trying to update monitor.
INFO: Time step 407
DEBUG: Trying to update monitor.
INFO: Time step 408
DEBUG: Trying to update monitor.
INFO: Time step 409
DEBUG: Trying to update monitor.
INFO: Time step 410
DEBUG: Trying to update monitor.
INFO: Time step 411
DEBUG: Trying to update monitor.
INFO: Time step 412
DEBUG: Trying to update monitor.
INFO: Time step 413
DEBUG: Trying to update monitor.
INFO: Time step 414
DEBUG: Trying to update monitor.
INFO: Time step 415
DEBUG: Trying to update monitor.
INFO: Time step 416
DEBUG: Trying to update monitor.
INFO: Time step 417
DEBUG: Trying to update monitor.
INFO: Time step 418
DEBUG: Trying to update monitor.
INFO: Time step 419
DEBUG: Trying to update monitor.
INFO: Time step 420
DEBUG: Trying to update monitor.
INFO: Time step 421
DEBUG: Trying to update monitor.
INFO: Time step 422
DEBUG: Trying to update monitor.
INFO: Time step 423
DEBUG: Trying to update monitor.
INFO: Time step 424
DEBUG: Trying to update monitor.
INFO: Time step 425
DEBUG: Trying to update monitor.
INFO: Time step 426
DEBUG: Trying to update monitor.
INFO: Time step 427
DEBUG: Trying to update monitor.
INFO: Time step 428
DEBUG: Trying to update monitor.
INFO: Time step 429
DEBUG: Trying to update monitor.
INFO: Time step 430
DEBUG: Trying to update monitor.
INFO: Time step 431
DEBUG: Trying to update monitor.
INFO: Time step 432
DEBUG: Trying to update monitor.
INFO: Time step 433
DEBUG: Trying to update monitor.
INFO: Time step 434
DEBUG: Trying to update monitor.
INFO: Time step 435
DEBUG: Trying to update monitor.
INFO: Time step 436
DEBUG: Trying to update monitor.
INFO: Time step 437
DEBUG: Trying to update monitor.
INFO: Time step 438
DEBUG: Trying to update monitor.
INFO: Time step 439
DEBUG: Trying to update monitor.
INFO: Time step 440
DEBUG: Trying to update monitor.
INFO: Time step 441
DEBUG: Trying to update monitor.
INFO: Time step 442
DEBUG: Trying to update monitor.
INFO: Time step 443
DEBUG: Trying to update monitor.
INFO: Time step 444
DEBUG: Trying to update monitor.
INFO: Time step 445
DEBUG: Trying to update monitor.
INFO: Time step 446
DEBUG: Trying to update monitor.
INFO: Time step 447
DEBUG: Trying to update monitor.
INFO: Time step 448
DEBUG: Trying to update monitor.
INFO: Time step 449
DEBUG: Trying to update monitor.
INFO: Time step 450
DEBUG: Trying to update monitor.
INFO: Time step 451
DEBUG: Trying to update monitor.
INFO: Time step 452
DEBUG: Trying to update monitor.
INFO: Time step 453
DEBUG: Trying to update monitor.
INFO: Time step 454
DEBUG: Trying to update monitor.
INFO: Time step 455
DEBUG: Trying to update monitor.
INFO: Time step 456
DEBUG: Trying to update monitor.
INFO: Time step 457
DEBUG: Trying to update monitor.
INFO: Time step 458
DEBUG: Trying to update monitor.
INFO: Time step 459
DEBUG: Trying to update monitor.
INFO: Time step 460
DEBUG: Trying to update monitor.
INFO: Time step 461
DEBUG: Trying to update monitor.
INFO: Time step 462
DEBUG: Trying to update monitor.
INFO: Time step 463
DEBUG: Trying to update monitor.
INFO: Time step 464
DEBUG: Trying to update monitor.
INFO: Time step 465
DEBUG: Trying to update monitor.
INFO: Time step 466
DEBUG: Trying to update monitor.
INFO: Time step 467
DEBUG: Trying to update monitor.
INFO: Time step 468
DEBUG: Trying to update monitor.
INFO: Time step 469
DEBUG: Trying to update monitor.
INFO: Time step 470
DEBUG: Trying to update monitor.
INFO: Time step 471
DEBUG: Trying to update monitor.
INFO: Time step 472
DEBUG: Trying to update monitor.
INFO: Time step 473
DEBUG: Trying to update monitor.
INFO: Time step 474
DEBUG: Trying to update monitor.
INFO: Time step 475
DEBUG: Trying to update monitor.
INFO: Time step 476
DEBUG: Trying to update monitor.
INFO: Time step 477
DEBUG: Trying to update monitor.
INFO: Time step 478
DEBUG: Trying to update monitor.
INFO: Time step 479
DEBUG: Trying to update monitor.
INFO: Time step 480
DEBUG: Trying to update monitor.
INFO: Time step 481
DEBUG: Trying to update monitor.
INFO: Time step 482
DEBUG: Trying to update monitor.
INFO: Time step 483
DEBUG: Trying to update monitor.
INFO: Time step 484
DEBUG: Trying to update monitor.
INFO: Time step 485
DEBUG: Trying to update monitor.
INFO: Time step 486
DEBUG: Trying to update monitor.
INFO: Time step 487
DEBUG: Trying to update monitor.
INFO: Time step 488
DEBUG: Trying to update monitor.
INFO: Time step 489
DEBUG: Trying to update monitor.
INFO: Time step 490
DEBUG: Trying to update monitor.
INFO: Time step 491
DEBUG: Trying to update monitor.
INFO: Time step 492
DEBUG: Trying to update monitor.
INFO: Time step 493
DEBUG: Trying to update monitor.
INFO: Time step 494
DEBUG: Trying to update monitor.
INFO: Time step 495
DEBUG: Trying to update monitor.
INFO: Time step 496
DEBUG: Trying to update monitor.
INFO: Time step 497
DEBUG: Trying to update monitor.
INFO: Time step 498
DEBUG: Trying to update monitor.
INFO: Time step 499
DEBUG: Trying to update monitor.
INFO: Time step 500
DEBUG: Trying to update monitor.
DEBUG: Updating monitor.
INFO: Epoch 6
INFO: Time step 501
DEBUG: Trying to update monitor.
INFO: Time step 502
DEBUG: Trying to update monitor.
INFO: Time step 503
DEBUG: Trying to update monitor.
INFO: Time step 504
DEBUG: Trying to update monitor.
INFO: Time step 505
DEBUG: Trying to update monitor.
INFO: Time step 506
DEBUG: Trying to update monitor.
INFO: Time step 507
DEBUG: Trying to update monitor.
INFO: Time step 508
DEBUG: Trying to update monitor.
INFO: Time step 509
DEBUG: Trying to update monitor.
INFO: Time step 510
DEBUG: Trying to update monitor.
INFO: Time step 511
DEBUG: Trying to update monitor.
INFO: Time step 512
DEBUG: Trying to update monitor.
INFO: Time step 513
DEBUG: Trying to update monitor.
INFO: Time step 514
DEBUG: Trying to update monitor.
INFO: Time step 515
DEBUG: Trying to update monitor.
INFO: Time step 516
DEBUG: Trying to update monitor.
INFO: Time step 517
DEBUG: Trying to update monitor.
INFO: Time step 518
DEBUG: Trying to update monitor.
INFO: Time step 519
DEBUG: Trying to update monitor.
INFO: Time step 520
DEBUG: Trying to update monitor.
INFO: Time step 521
DEBUG: Trying to update monitor.
INFO: Time step 522
DEBUG: Trying to update monitor.
INFO: Time step 523
DEBUG: Trying to update monitor.
INFO: Time step 524
DEBUG: Trying to update monitor.
INFO: Time step 525
DEBUG: Trying to update monitor.
INFO: Time step 526
DEBUG: Trying to update monitor.
INFO: Time step 527
DEBUG: Trying to update monitor.
INFO: Time step 528
DEBUG: Trying to update monitor.
INFO: Time step 529
DEBUG: Trying to update monitor.
INFO: Time step 530
DEBUG: Trying to update monitor.
INFO: Time step 531
DEBUG: Trying to update monitor.
INFO: Time step 532
DEBUG: Trying to update monitor.
INFO: Time step 533
DEBUG: Trying to update monitor.
INFO: Time step 534
DEBUG: Trying to update monitor.
INFO: Time step 535
DEBUG: Trying to update monitor.
INFO: Time step 536
DEBUG: Trying to update monitor.
INFO: Time step 537
DEBUG: Trying to update monitor.
INFO: Time step 538
DEBUG: Trying to update monitor.
INFO: Time step 539
DEBUG: Trying to update monitor.
INFO: Time step 540
DEBUG: Trying to update monitor.
INFO: Time step 541
DEBUG: Trying to update monitor.
INFO: Time step 542
DEBUG: Trying to update monitor.
INFO: Time step 543
DEBUG: Trying to update monitor.
INFO: Time step 544
DEBUG: Trying to update monitor.
INFO: Time step 545
DEBUG: Trying to update monitor.
INFO: Time step 546
DEBUG: Trying to update monitor.
INFO: Time step 547
DEBUG: Trying to update monitor.
INFO: Time step 548
DEBUG: Trying to update monitor.
INFO: Time step 549
DEBUG: Trying to update monitor.
INFO: Time step 550
DEBUG: Trying to update monitor.
INFO: Time step 551
DEBUG: Trying to update monitor.
INFO: Time step 552
DEBUG: Trying to update monitor.
INFO: Time step 553
DEBUG: Trying to update monitor.
INFO: Time step 554
DEBUG: Trying to update monitor.
INFO: Time step 555
DEBUG: Trying to update monitor.
INFO: Time step 556
DEBUG: Trying to update monitor.
INFO: Time step 557
DEBUG: Trying to update monitor.
INFO: Time step 558
DEBUG: Trying to update monitor.
INFO: Time step 559
DEBUG: Trying to update monitor.
INFO: Time step 560
DEBUG: Trying to update monitor.
INFO: Time step 561
DEBUG: Trying to update monitor.
INFO: Time step 562
DEBUG: Trying to update monitor.
INFO: Time step 563
DEBUG: Trying to update monitor.
INFO: Time step 564
DEBUG: Trying to update monitor.
INFO: Time step 565
DEBUG: Trying to update monitor.
INFO: Time step 566
DEBUG: Trying to update monitor.
INFO: Time step 567
DEBUG: Trying to update monitor.
INFO: Time step 568
DEBUG: Trying to update monitor.
INFO: Time step 569
DEBUG: Trying to update monitor.
INFO: Time step 570
DEBUG: Trying to update monitor.
INFO: Time step 571
DEBUG: Trying to update monitor.
INFO: Time step 572
DEBUG: Trying to update monitor.
INFO: Time step 573
DEBUG: Trying to update monitor.
INFO: Time step 574
DEBUG: Trying to update monitor.
INFO: Time step 575
DEBUG: Trying to update monitor.
INFO: Time step 576
DEBUG: Trying to update monitor.
INFO: Time step 577
DEBUG: Trying to update monitor.
INFO: Time step 578
DEBUG: Trying to update monitor.
INFO: Time step 579
DEBUG: Trying to update monitor.
INFO: Time step 580
DEBUG: Trying to update monitor.
INFO: Time step 581
DEBUG: Trying to update monitor.
INFO: Time step 582
DEBUG: Trying to update monitor.
INFO: Time step 583
DEBUG: Trying to update monitor.
INFO: Time step 584
DEBUG: Trying to update monitor.
INFO: Time step 585
DEBUG: Trying to update monitor.
INFO: Time step 586
DEBUG: Trying to update monitor.
INFO: Time step 587
DEBUG: Trying to update monitor.
INFO: Time step 588
DEBUG: Trying to update monitor.
INFO: Time step 589
DEBUG: Trying to update monitor.
INFO: Time step 590
DEBUG: Trying to update monitor.
INFO: Time step 591
DEBUG: Trying to update monitor.
INFO: Time step 592
DEBUG: Trying to update monitor.
INFO: Time step 593
DEBUG: Trying to update monitor.
INFO: Time step 594
DEBUG: Trying to update monitor.
INFO: Time step 595
DEBUG: Trying to update monitor.
INFO: Time step 596
DEBUG: Trying to update monitor.
INFO: Time step 597
DEBUG: Trying to update monitor.
INFO: Time step 598
DEBUG: Trying to update monitor.
INFO: Time step 599
DEBUG: Trying to update monitor.
INFO: Time step 600
DEBUG: Trying to update monitor.
DEBUG: Updating monitor.
INFO: Epoch 7
INFO: Time step 601
DEBUG: Trying to update monitor.
INFO: Time step 602
DEBUG: Trying to update monitor.
INFO: Time step 603
DEBUG: Trying to update monitor.
INFO: Time step 604
DEBUG: Trying to update monitor.
INFO: Time step 605
DEBUG: Trying to update monitor.
INFO: Time step 606
DEBUG: Trying to update monitor.
INFO: Time step 607
DEBUG: Trying to update monitor.
INFO: Time step 608
DEBUG: Trying to update monitor.
INFO: Time step 609
DEBUG: Trying to update monitor.
INFO: Time step 610
DEBUG: Trying to update monitor.
INFO: Time step 611
DEBUG: Trying to update monitor.
INFO: Time step 612
DEBUG: Trying to update monitor.
INFO: Time step 613
DEBUG: Trying to update monitor.
INFO: Time step 614
DEBUG: Trying to update monitor.
INFO: Time step 615
DEBUG: Trying to update monitor.
INFO: Time step 616
DEBUG: Trying to update monitor.
INFO: Time step 617
DEBUG: Trying to update monitor.
INFO: Time step 618
DEBUG: Trying to update monitor.
INFO: Time step 619
DEBUG: Trying to update monitor.
INFO: Time step 620
DEBUG: Trying to update monitor.
INFO: Time step 621
DEBUG: Trying to update monitor.
INFO: Time step 622
DEBUG: Trying to update monitor.
INFO: Time step 623
DEBUG: Trying to update monitor.
INFO: Time step 624
DEBUG: Trying to update monitor.
INFO: Time step 625
DEBUG: Trying to update monitor.
INFO: Time step 626
DEBUG: Trying to update monitor.
INFO: Time step 627
DEBUG: Trying to update monitor.
INFO: Time step 628
DEBUG: Trying to update monitor.
INFO: Time step 629
DEBUG: Trying to update monitor.
INFO: Time step 630
DEBUG: Trying to update monitor.
INFO: Time step 631
DEBUG: Trying to update monitor.
INFO: Time step 632
DEBUG: Trying to update monitor.
INFO: Time step 633
DEBUG: Trying to update monitor.
INFO: Time step 634
DEBUG: Trying to update monitor.
INFO: Time step 635
DEBUG: Trying to update monitor.
INFO: Time step 636
DEBUG: Trying to update monitor.
INFO: Time step 637
DEBUG: Trying to update monitor.
INFO: Time step 638
DEBUG: Trying to update monitor.
INFO: Time step 639
DEBUG: Trying to update monitor.
INFO: Time step 640
DEBUG: Trying to update monitor.
INFO: Time step 641
DEBUG: Trying to update monitor.
INFO: Time step 642
DEBUG: Trying to update monitor.
INFO: Time step 643
DEBUG: Trying to update monitor.
INFO: Time step 644
DEBUG: Trying to update monitor.
INFO: Time step 645
DEBUG: Trying to update monitor.
INFO: Time step 646
DEBUG: Trying to update monitor.
INFO: Time step 647
DEBUG: Trying to update monitor.
INFO: Time step 648
DEBUG: Trying to update monitor.
INFO: Time step 649
DEBUG: Trying to update monitor.
INFO: Time step 650
DEBUG: Trying to update monitor.
INFO: Time step 651
DEBUG: Trying to update monitor.
INFO: Time step 652
DEBUG: Trying to update monitor.
INFO: Time step 653
DEBUG: Trying to update monitor.
INFO: Time step 654
DEBUG: Trying to update monitor.
INFO: Time step 655
DEBUG: Trying to update monitor.
INFO: Time step 656
DEBUG: Trying to update monitor.
INFO: Time step 657
DEBUG: Trying to update monitor.
INFO: Time step 658
DEBUG: Trying to update monitor.
INFO: Time step 659
DEBUG: Trying to update monitor.
INFO: Time step 660
DEBUG: Trying to update monitor.
INFO: Time step 661
DEBUG: Trying to update monitor.
INFO: Time step 662
DEBUG: Trying to update monitor.
INFO: Time step 663
DEBUG: Trying to update monitor.
INFO: Time step 664
DEBUG: Trying to update monitor.
INFO: Time step 665
DEBUG: Trying to update monitor.
INFO: Time step 666
DEBUG: Trying to update monitor.
INFO: Time step 667
DEBUG: Trying to update monitor.
INFO: Time step 668
DEBUG: Trying to update monitor.
INFO: Time step 669
DEBUG: Trying to update monitor.
INFO: Time step 670
DEBUG: Trying to update monitor.
INFO: Time step 671
DEBUG: Trying to update monitor.
INFO: Time step 672
DEBUG: Trying to update monitor.
INFO: Time step 673
DEBUG: Trying to update monitor.
INFO: Time step 674
DEBUG: Trying to update monitor.
INFO: Time step 675
DEBUG: Trying to update monitor.
INFO: Time step 676
DEBUG: Trying to update monitor.
INFO: Time step 677
DEBUG: Trying to update monitor.
INFO: Time step 678
DEBUG: Trying to update monitor.
INFO: Time step 679
DEBUG: Trying to update monitor.
INFO: Time step 680
DEBUG: Trying to update monitor.
INFO: Time step 681
DEBUG: Trying to update monitor.
INFO: Time step 682
DEBUG: Trying to update monitor.
INFO: Time step 683
DEBUG: Trying to update monitor.
INFO: Time step 684
DEBUG: Trying to update monitor.
INFO: Time step 685
DEBUG: Trying to update monitor.
INFO: Time step 686
DEBUG: Trying to update monitor.
INFO: Time step 687
DEBUG: Trying to update monitor.
INFO: Time step 688
DEBUG: Trying to update monitor.
INFO: Time step 689
DEBUG: Trying to update monitor.
INFO: Time step 690
DEBUG: Trying to update monitor.
INFO: Time step 691
DEBUG: Trying to update monitor.
INFO: Time step 692
DEBUG: Trying to update monitor.
INFO: Time step 693
DEBUG: Trying to update monitor.
INFO: Time step 694
DEBUG: Trying to update monitor.
INFO: Time step 695
DEBUG: Trying to update monitor.
INFO: Time step 696
DEBUG: Trying to update monitor.
INFO: Time step 697
DEBUG: Trying to update monitor.
INFO: Time step 698
DEBUG: Trying to update monitor.
INFO: Time step 699
DEBUG: Trying to update monitor.
INFO: Time step 700
DEBUG: Trying to update monitor.
DEBUG: Updating monitor.
INFO: Epoch 8
INFO: Time step 701
DEBUG: Trying to update monitor.
INFO: Time step 702
DEBUG: Trying to update monitor.
INFO: Time step 703
DEBUG: Trying to update monitor.
INFO: Time step 704
DEBUG: Trying to update monitor.
INFO: Time step 705
DEBUG: Trying to update monitor.
INFO: Time step 706
DEBUG: Trying to update monitor.
INFO: Time step 707
DEBUG: Trying to update monitor.
INFO: Time step 708
DEBUG: Trying to update monitor.
INFO: Time step 709
DEBUG: Trying to update monitor.
INFO: Time step 710
DEBUG: Trying to update monitor.
INFO: Time step 711
DEBUG: Trying to update monitor.
INFO: Time step 712
DEBUG: Trying to update monitor.
INFO: Time step 713
DEBUG: Trying to update monitor.
INFO: Time step 714
DEBUG: Trying to update monitor.
INFO: Time step 715
DEBUG: Trying to update monitor.
INFO: Time step 716
DEBUG: Trying to update monitor.
INFO: Time step 717
DEBUG: Trying to update monitor.
INFO: Time step 718
DEBUG: Trying to update monitor.
INFO: Time step 719
DEBUG: Trying to update monitor.
INFO: Time step 720
DEBUG: Trying to update monitor.
INFO: Time step 721
DEBUG: Trying to update monitor.
INFO: Time step 722
DEBUG: Trying to update monitor.
INFO: Time step 723
DEBUG: Trying to update monitor.
INFO: Time step 724
DEBUG: Trying to update monitor.
INFO: Time step 725
DEBUG: Trying to update monitor.
INFO: Time step 726
DEBUG: Trying to update monitor.
INFO: Time step 727
DEBUG: Trying to update monitor.
INFO: Time step 728
DEBUG: Trying to update monitor.
INFO: Time step 729
DEBUG: Trying to update monitor.
INFO: Time step 730
DEBUG: Trying to update monitor.
INFO: Time step 731
DEBUG: Trying to update monitor.
INFO: Time step 732
DEBUG: Trying to update monitor.
INFO: Time step 733
DEBUG: Trying to update monitor.
INFO: Time step 734
DEBUG: Trying to update monitor.
INFO: Time step 735
DEBUG: Trying to update monitor.
INFO: Time step 736
DEBUG: Trying to update monitor.
INFO: Time step 737
DEBUG: Trying to update monitor.
INFO: Time step 738
DEBUG: Trying to update monitor.
INFO: Time step 739
DEBUG: Trying to update monitor.
INFO: Time step 740
DEBUG: Trying to update monitor.
INFO: Time step 741
DEBUG: Trying to update monitor.
INFO: Time step 742
DEBUG: Trying to update monitor.
INFO: Time step 743
DEBUG: Trying to update monitor.
INFO: Time step 744
DEBUG: Trying to update monitor.
INFO: Time step 745
DEBUG: Trying to update monitor.
INFO: Time step 746
DEBUG: Trying to update monitor.
INFO: Time step 747
DEBUG: Trying to update monitor.
INFO: Time step 748
DEBUG: Trying to update monitor.
INFO: Time step 749
DEBUG: Trying to update monitor.
INFO: Time step 750
DEBUG: Trying to update monitor.
INFO: Time step 751
DEBUG: Trying to update monitor.
INFO: Time step 752
DEBUG: Trying to update monitor.
INFO: Time step 753
DEBUG: Trying to update monitor.
INFO: Time step 754
DEBUG: Trying to update monitor.
INFO: Time step 755
DEBUG: Trying to update monitor.
INFO: Time step 756
DEBUG: Trying to update monitor.
INFO: Time step 757
DEBUG: Trying to update monitor.
INFO: Time step 758
DEBUG: Trying to update monitor.
INFO: Time step 759
DEBUG: Trying to update monitor.
INFO: Time step 760
DEBUG: Trying to update monitor.
INFO: Time step 761
DEBUG: Trying to update monitor.
INFO: Time step 762
DEBUG: Trying to update monitor.
INFO: Time step 763
DEBUG: Trying to update monitor.
INFO: Time step 764
DEBUG: Trying to update monitor.
INFO: Time step 765
DEBUG: Trying to update monitor.
INFO: Time step 766
DEBUG: Trying to update monitor.
INFO: Time step 767
DEBUG: Trying to update monitor.
INFO: Time step 768
DEBUG: Trying to update monitor.
INFO: Time step 769
DEBUG: Trying to update monitor.
INFO: Time step 770
DEBUG: Trying to update monitor.
INFO: Time step 771
DEBUG: Trying to update monitor.
INFO: Time step 772
DEBUG: Trying to update monitor.
INFO: Time step 773
DEBUG: Trying to update monitor.
INFO: Time step 774
DEBUG: Trying to update monitor.
INFO: Time step 775
DEBUG: Trying to update monitor.
INFO: Time step 776
DEBUG: Trying to update monitor.
INFO: Time step 777
DEBUG: Trying to update monitor.
INFO: Time step 778
DEBUG: Trying to update monitor.
INFO: Time step 779
DEBUG: Trying to update monitor.
INFO: Time step 780
DEBUG: Trying to update monitor.
INFO: Time step 781
DEBUG: Trying to update monitor.
INFO: Time step 782
DEBUG: Trying to update monitor.
INFO: Time step 783
DEBUG: Trying to update monitor.
INFO: Time step 784
DEBUG: Trying to update monitor.
INFO: Time step 785
DEBUG: Trying to update monitor.
INFO: Time step 786
DEBUG: Trying to update monitor.
INFO: Time step 787
DEBUG: Trying to update monitor.
INFO: Time step 788
DEBUG: Trying to update monitor.
INFO: Time step 789
DEBUG: Trying to update monitor.
INFO: Time step 790
DEBUG: Trying to update monitor.
INFO: Time step 791
DEBUG: Trying to update monitor.
INFO: Time step 792
DEBUG: Trying to update monitor.
INFO: Time step 793
DEBUG: Trying to update monitor.
INFO: Time step 794
DEBUG: Trying to update monitor.
INFO: Time step 795
DEBUG: Trying to update monitor.
INFO: Time step 796
DEBUG: Trying to update monitor.
INFO: Time step 797
DEBUG: Trying to update monitor.
INFO: Time step 798
DEBUG: Trying to update monitor.
INFO: Time step 799
DEBUG: Trying to update monitor.
INFO: Time step 800
DEBUG: Trying to update monitor.
DEBUG: Updating monitor.
INFO: Epoch 9
INFO: Time step 801
DEBUG: Trying to update monitor.
INFO: Time step 802
DEBUG: Trying to update monitor.
INFO: Time step 803
DEBUG: Trying to update monitor.
INFO: Time step 804
DEBUG: Trying to update monitor.
INFO: Time step 805
DEBUG: Trying to update monitor.
INFO: Time step 806
DEBUG: Trying to update monitor.
INFO: Time step 807
DEBUG: Trying to update monitor.
INFO: Time step 808
DEBUG: Trying to update monitor.
INFO: Time step 809
DEBUG: Trying to update monitor.
INFO: Time step 810
DEBUG: Trying to update monitor.
INFO: Time step 811
DEBUG: Trying to update monitor.
INFO: Time step 812
DEBUG: Trying to update monitor.
INFO: Time step 813
DEBUG: Trying to update monitor.
INFO: Time step 814
DEBUG: Trying to update monitor.
INFO: Time step 815
DEBUG: Trying to update monitor.
INFO: Time step 816
DEBUG: Trying to update monitor.
INFO: Time step 817
DEBUG: Trying to update monitor.
INFO: Time step 818
DEBUG: Trying to update monitor.
INFO: Time step 819
DEBUG: Trying to update monitor.
INFO: Time step 820
DEBUG: Trying to update monitor.
INFO: Time step 821
DEBUG: Trying to update monitor.
INFO: Time step 822
DEBUG: Trying to update monitor.
INFO: Time step 823
DEBUG: Trying to update monitor.
INFO: Time step 824
DEBUG: Trying to update monitor.
INFO: Time step 825
DEBUG: Trying to update monitor.
INFO: Time step 826
DEBUG: Trying to update monitor.
INFO: Time step 827
DEBUG: Trying to update monitor.
INFO: Time step 828
DEBUG: Trying to update monitor.
INFO: Time step 829
DEBUG: Trying to update monitor.
INFO: Time step 830
DEBUG: Trying to update monitor.
INFO: Time step 831
DEBUG: Trying to update monitor.
INFO: Time step 832
DEBUG: Trying to update monitor.
INFO: Time step 833
DEBUG: Trying to update monitor.
INFO: Time step 834
DEBUG: Trying to update monitor.
INFO: Time step 835
DEBUG: Trying to update monitor.
INFO: Time step 836
DEBUG: Trying to update monitor.
INFO: Time step 837
DEBUG: Trying to update monitor.
INFO: Time step 838
DEBUG: Trying to update monitor.
INFO: Time step 839
DEBUG: Trying to update monitor.
INFO: Time step 840
DEBUG: Trying to update monitor.
INFO: Time step 841
DEBUG: Trying to update monitor.
INFO: Time step 842
DEBUG: Trying to update monitor.
INFO: Time step 843
DEBUG: Trying to update monitor.
INFO: Time step 844
DEBUG: Trying to update monitor.
INFO: Time step 845
DEBUG: Trying to update monitor.
INFO: Time step 846
DEBUG: Trying to update monitor.
INFO: Time step 847
DEBUG: Trying to update monitor.
INFO: Time step 848
DEBUG: Trying to update monitor.
INFO: Time step 849
DEBUG: Trying to update monitor.
INFO: Time step 850
DEBUG: Trying to update monitor.
INFO: Time step 851
DEBUG: Trying to update monitor.
INFO: Time step 852
DEBUG: Trying to update monitor.
INFO: Time step 853
DEBUG: Trying to update monitor.
INFO: Time step 854
DEBUG: Trying to update monitor.
INFO: Time step 855
DEBUG: Trying to update monitor.
INFO: Time step 856
DEBUG: Trying to update monitor.
INFO: Time step 857
DEBUG: Trying to update monitor.
INFO: Time step 858
DEBUG: Trying to update monitor.
INFO: Time step 859
DEBUG: Trying to update monitor.
INFO: Time step 860
DEBUG: Trying to update monitor.
INFO: Time step 861
DEBUG: Trying to update monitor.
INFO: Time step 862
DEBUG: Trying to update monitor.
INFO: Time step 863
DEBUG: Trying to update monitor.
INFO: Time step 864
DEBUG: Trying to update monitor.
INFO: Time step 865
DEBUG: Trying to update monitor.
INFO: Time step 866
DEBUG: Trying to update monitor.
INFO: Time step 867
DEBUG: Trying to update monitor.
INFO: Time step 868
DEBUG: Trying to update monitor.
INFO: Time step 869
DEBUG: Trying to update monitor.
INFO: Time step 870
DEBUG: Trying to update monitor.
INFO: Time step 871
DEBUG: Trying to update monitor.
INFO: Time step 872
DEBUG: Trying to update monitor.
INFO: Time step 873
DEBUG: Trying to update monitor.
INFO: Time step 874
DEBUG: Trying to update monitor.
INFO: Time step 875
DEBUG: Trying to update monitor.
INFO: Time step 876
DEBUG: Trying to update monitor.
INFO: Time step 877
DEBUG: Trying to update monitor.
INFO: Time step 878
DEBUG: Trying to update monitor.
INFO: Time step 879
DEBUG: Trying to update monitor.
INFO: Time step 880
DEBUG: Trying to update monitor.
INFO: Time step 881
DEBUG: Trying to update monitor.
INFO: Time step 882
DEBUG: Trying to update monitor.
INFO: Time step 883
DEBUG: Trying to update monitor.
INFO: Time step 884
DEBUG: Trying to update monitor.
INFO: Time step 885
DEBUG: Trying to update monitor.
INFO: Time step 886
DEBUG: Trying to update monitor.
INFO: Time step 887
DEBUG: Trying to update monitor.
INFO: Time step 888
DEBUG: Trying to update monitor.
INFO: Time step 889
DEBUG: Trying to update monitor.
INFO: Time step 890
DEBUG: Trying to update monitor.
INFO: Time step 891
DEBUG: Trying to update monitor.
INFO: Time step 892
DEBUG: Trying to update monitor.
INFO: Time step 893
DEBUG: Trying to update monitor.
INFO: Time step 894
DEBUG: Trying to update monitor.
INFO: Time step 895
DEBUG: Trying to update monitor.
INFO: Time step 896
DEBUG: Trying to update monitor.
INFO: Time step 897
DEBUG: Trying to update monitor.
INFO: Time step 898
DEBUG: Trying to update monitor.
INFO: Time step 899
DEBUG: Trying to update monitor.
INFO: Time step 900
DEBUG: Trying to update monitor.
DEBUG: Updating monitor.
INFO: Epoch 10
INFO: Time step 901
DEBUG: Trying to update monitor.
INFO: Time step 902
DEBUG: Trying to update monitor.
INFO: Time step 903
DEBUG: Trying to update monitor.
INFO: Time step 904
DEBUG: Trying to update monitor.
INFO: Time step 905
DEBUG: Trying to update monitor.
INFO: Time step 906
DEBUG: Trying to update monitor.
INFO: Time step 907
DEBUG: Trying to update monitor.
INFO: Time step 908
DEBUG: Trying to update monitor.
INFO: Time step 909
DEBUG: Trying to update monitor.
INFO: Time step 910
DEBUG: Trying to update monitor.
INFO: Time step 911
DEBUG: Trying to update monitor.
INFO: Time step 912
DEBUG: Trying to update monitor.
INFO: Time step 913
DEBUG: Trying to update monitor.
INFO: Time step 914
DEBUG: Trying to update monitor.
INFO: Time step 915
DEBUG: Trying to update monitor.
INFO: Time step 916
DEBUG: Trying to update monitor.
INFO: Time step 917
DEBUG: Trying to update monitor.
INFO: Time step 918
DEBUG: Trying to update monitor.
INFO: Time step 919
DEBUG: Trying to update monitor.
INFO: Time step 920
DEBUG: Trying to update monitor.
INFO: Time step 921
DEBUG: Trying to update monitor.
INFO: Time step 922
DEBUG: Trying to update monitor.
INFO: Time step 923
DEBUG: Trying to update monitor.
INFO: Time step 924
DEBUG: Trying to update monitor.
INFO: Time step 925
DEBUG: Trying to update monitor.
INFO: Time step 926
DEBUG: Trying to update monitor.
INFO: Time step 927
DEBUG: Trying to update monitor.
INFO: Time step 928
DEBUG: Trying to update monitor.
INFO: Time step 929
DEBUG: Trying to update monitor.
INFO: Time step 930
DEBUG: Trying to update monitor.
INFO: Time step 931
DEBUG: Trying to update monitor.
INFO: Time step 932
DEBUG: Trying to update monitor.
INFO: Time step 933
DEBUG: Trying to update monitor.
INFO: Time step 934
DEBUG: Trying to update monitor.
INFO: Time step 935
DEBUG: Trying to update monitor.
INFO: Time step 936
DEBUG: Trying to update monitor.
INFO: Time step 937
DEBUG: Trying to update monitor.
INFO: Time step 938
DEBUG: Trying to update monitor.
INFO: Time step 939
DEBUG: Trying to update monitor.
INFO: Time step 940
DEBUG: Trying to update monitor.
INFO: Time step 941
DEBUG: Trying to update monitor.
INFO: Time step 942
DEBUG: Trying to update monitor.
INFO: Time step 943
DEBUG: Trying to update monitor.
INFO: Time step 944
DEBUG: Trying to update monitor.
INFO: Time step 945
DEBUG: Trying to update monitor.
INFO: Time step 946
DEBUG: Trying to update monitor.
INFO: Time step 947
DEBUG: Trying to update monitor.
INFO: Time step 948
DEBUG: Trying to update monitor.
INFO: Time step 949
DEBUG: Trying to update monitor.
INFO: Time step 950
DEBUG: Trying to update monitor.
INFO: Time step 951
DEBUG: Trying to update monitor.
INFO: Time step 952
DEBUG: Trying to update monitor.
INFO: Time step 953
DEBUG: Trying to update monitor.
INFO: Time step 954
DEBUG: Trying to update monitor.
INFO: Time step 955
DEBUG: Trying to update monitor.
INFO: Time step 956
DEBUG: Trying to update monitor.
INFO: Time step 957
DEBUG: Trying to update monitor.
INFO: Time step 958
DEBUG: Trying to update monitor.
INFO: Time step 959
DEBUG: Trying to update monitor.
INFO: Time step 960
DEBUG: Trying to update monitor.
INFO: Time step 961
DEBUG: Trying to update monitor.
INFO: Time step 962
DEBUG: Trying to update monitor.
INFO: Time step 963
DEBUG: Trying to update monitor.
INFO: Time step 964
DEBUG: Trying to update monitor.
INFO: Time step 965
DEBUG: Trying to update monitor.
INFO: Time step 966
DEBUG: Trying to update monitor.
INFO: Time step 967
DEBUG: Trying to update monitor.
INFO: Time step 968
DEBUG: Trying to update monitor.
INFO: Time step 969
DEBUG: Trying to update monitor.
INFO: Time step 970
DEBUG: Trying to update monitor.
INFO: Time step 971
DEBUG: Trying to update monitor.
INFO: Time step 972
DEBUG: Trying to update monitor.
INFO: Time step 973
DEBUG: Trying to update monitor.
INFO: Time step 974
DEBUG: Trying to update monitor.
INFO: Time step 975
DEBUG: Trying to update monitor.
INFO: Time step 976
DEBUG: Trying to update monitor.
INFO: Time step 977
DEBUG: Trying to update monitor.
INFO: Time step 978
DEBUG: Trying to update monitor.
INFO: Time step 979
DEBUG: Trying to update monitor.
INFO: Time step 980
DEBUG: Trying to update monitor.
INFO: Time step 981
DEBUG: Trying to update monitor.
INFO: Time step 982
DEBUG: Trying to update monitor.
INFO: Time step 983
DEBUG: Trying to update monitor.
INFO: Time step 984
DEBUG: Trying to update monitor.
INFO: Time step 985
DEBUG: Trying to update monitor.
INFO: Time step 986
DEBUG: Trying to update monitor.
INFO: Time step 987
DEBUG: Trying to update monitor.
INFO: Time step 988
DEBUG: Trying to update monitor.
INFO: Time step 989
DEBUG: Trying to update monitor.
INFO: Time step 990
DEBUG: Trying to update monitor.
INFO: Time step 991
DEBUG: Trying to update monitor.
INFO: Time step 992
DEBUG: Trying to update monitor.
INFO: Time step 993
DEBUG: Trying to update monitor.
INFO: Time step 994
DEBUG: Trying to update monitor.
INFO: Time step 995
DEBUG: Trying to update monitor.
INFO: Time step 996
DEBUG: Trying to update monitor.
INFO: Time step 997
DEBUG: Trying to update monitor.
INFO: Time step 998
DEBUG: Trying to update monitor.
INFO: Time step 999
DEBUG: Trying to update monitor.
INFO: Finished training
